[0.569s] Invoking command in '/home/dinesh/ros2_ws/build/BoatController': PYTHONPATH=/home/dinesh/ros2_ws/build/BoatController/prefix_override:/home/dinesh/ros2_ws/install/BoatController/lib/python3.10/site-packages:${PYTHONPATH} /usr/bin/python3 -W ignore:setup.py install is deprecated setup.py develop --editable --build-directory /home/dinesh/ros2_ws/build/BoatController/build --no-deps symlink_data
[0.739s] running develop
[0.839s] running egg_info
[0.839s] writing BoatController.egg-info/PKG-INFO
[0.839s] writing dependency_links to BoatController.egg-info/dependency_links.txt
[0.839s] writing entry points to BoatController.egg-info/entry_points.txt
[0.839s] writing requirements to BoatController.egg-info/requires.txt
[0.840s] writing top-level names to BoatController.egg-info/top_level.txt
[0.840s] reading manifest file 'BoatController.egg-info/SOURCES.txt'
[0.841s] writing manifest file 'BoatController.egg-info/SOURCES.txt'
[0.842s] running build_ext
[0.842s] Creating /home/dinesh/ros2_ws/install/BoatController/lib/python3.10/site-packages/BoatController.egg-link (link to .)
[0.842s] Installing positionPublisher script to /home/dinesh/ros2_ws/install/BoatController/lib/BoatController
[0.842s] Installing thrustPublisher script to /home/dinesh/ros2_ws/install/BoatController/lib/BoatController
[0.842s] Installing thrustSubscriber script to /home/dinesh/ros2_ws/install/BoatController/lib/BoatController
[0.842s] Installing velocityYawPublisher script to /home/dinesh/ros2_ws/install/BoatController/lib/BoatController
[0.842s] Installing velocityYawSetter script to /home/dinesh/ros2_ws/install/BoatController/lib/BoatController
[0.842s] Installing waypointSubscriber script to /home/dinesh/ros2_ws/install/BoatController/lib/BoatController
[0.843s] 
[0.843s] Installed /home/dinesh/ros2_ws/build/BoatController
[0.843s] running symlink_data
[0.864s] Invoked command in '/home/dinesh/ros2_ws/build/BoatController' returned '0': PYTHONPATH=/home/dinesh/ros2_ws/build/BoatController/prefix_override:/home/dinesh/ros2_ws/install/BoatController/lib/python3.10/site-packages:${PYTHONPATH} /usr/bin/python3 -W ignore:setup.py install is deprecated setup.py develop --editable --build-directory /home/dinesh/ros2_ws/build/BoatController/build --no-deps symlink_data
