[0.552s] Invoking command in '/home/dinesh/ros2_ws/build/BoatController': PYTHONPATH=/home/dinesh/ros2_ws/build/BoatController/prefix_override:/home/dinesh/ros2_ws/install/BoatController/lib/python3.10/site-packages:${PYTHONPATH} /usr/bin/python3 -W ignore:setup.py install is deprecated setup.py develop --editable --build-directory /home/dinesh/ros2_ws/build/BoatController/build --no-deps symlink_data --force
[0.714s] running develop
[0.809s] running egg_info
[0.809s] writing BoatController.egg-info/PKG-INFO
[0.809s] writing dependency_links to BoatController.egg-info/dependency_links.txt
[0.809s] writing entry points to BoatController.egg-info/entry_points.txt
[0.809s] writing requirements to BoatController.egg-info/requires.txt
[0.809s] writing top-level names to BoatController.egg-info/top_level.txt
[0.810s] reading manifest file 'BoatController.egg-info/SOURCES.txt'
[0.811s] writing manifest file 'BoatController.egg-info/SOURCES.txt'
[0.811s] running build_ext
[0.812s] Creating /home/dinesh/ros2_ws/install/BoatController/lib/python3.10/site-packages/BoatController.egg-link (link to .)
[0.812s] Installing positionPublisher script to /home/dinesh/ros2_ws/install/BoatController/lib/BoatController
[0.812s] Installing thrustPublisher script to /home/dinesh/ros2_ws/install/BoatController/lib/BoatController
[0.812s] Installing thrustSubscriber script to /home/dinesh/ros2_ws/install/BoatController/lib/BoatController
[0.812s] Installing velocityYawPublisher script to /home/dinesh/ros2_ws/install/BoatController/lib/BoatController
[0.812s] Installing velocityYawSetter script to /home/dinesh/ros2_ws/install/BoatController/lib/BoatController
[0.812s] Installing waypointSubscriber script to /home/dinesh/ros2_ws/install/BoatController/lib/BoatController
[0.812s] 
[0.812s] Installed /home/dinesh/ros2_ws/build/BoatController
[0.812s] running symlink_data
[0.812s] symbolically linking /home/dinesh/ros2_ws/build/BoatController/resource/BoatController -> /home/dinesh/ros2_ws/install/BoatController/share/ament_index/resource_index/packages
[0.812s] symbolically linking /home/dinesh/ros2_ws/build/BoatController/package.xml -> /home/dinesh/ros2_ws/install/BoatController/share/BoatController
[0.840s] Invoked command in '/home/dinesh/ros2_ws/build/BoatController' returned '0': PYTHONPATH=/home/dinesh/ros2_ws/build/BoatController/prefix_override:/home/dinesh/ros2_ws/install/BoatController/lib/python3.10/site-packages:${PYTHONPATH} /usr/bin/python3 -W ignore:setup.py install is deprecated setup.py develop --editable --build-directory /home/dinesh/ros2_ws/build/BoatController/build --no-deps symlink_data --force
