[0.394s] Invoking command in '/home/dinesh/ArduBoat-Ros2/build/BoatController': PYTHONPATH=/home/dinesh/ArduBoat-Ros2/build/BoatController/prefix_override:/usr/lib/python3/dist-packages/colcon_core/task/python/colcon_distutils_commands:/home/dinesh/ArduBoat-Ros2/install/BoatController/lib/python3.10/site-packages:${PYTHONPATH} /usr/bin/python3 -W ignore:setup.py install is deprecated setup.py develop --editable --build-directory /home/dinesh/ArduBoat-Ros2/build/BoatController/build --no-deps symlink_data
[0.557s] running develop
[0.657s] running egg_info
[0.658s] writing BoatController.egg-info/PKG-INFO
[0.658s] writing dependency_links to BoatController.egg-info/dependency_links.txt
[0.658s] writing entry points to BoatController.egg-info/entry_points.txt
[0.658s] writing requirements to BoatController.egg-info/requires.txt
[0.658s] writing top-level names to BoatController.egg-info/top_level.txt
[0.659s] reading manifest file 'BoatController.egg-info/SOURCES.txt'
[0.659s] writing manifest file 'BoatController.egg-info/SOURCES.txt'
[0.660s] running build_ext
[0.660s] Creating /home/dinesh/ArduBoat-Ros2/install/BoatController/lib/python3.10/site-packages/BoatController.egg-link (link to .)
[0.661s] Installing positionSubscriber script to /home/dinesh/ArduBoat-Ros2/install/BoatController/lib/BoatController
[0.661s] Installing position_Publisher script to /home/dinesh/ArduBoat-Ros2/install/BoatController/lib/BoatController
[0.661s] Installing thrustPublisher script to /home/dinesh/ArduBoat-Ros2/install/BoatController/lib/BoatController
[0.661s] Installing thrustSubscriber script to /home/dinesh/ArduBoat-Ros2/install/BoatController/lib/BoatController
[0.661s] Installing velocityYawPublisher script to /home/dinesh/ArduBoat-Ros2/install/BoatController/lib/BoatController
[0.661s] Installing velocityYawSetter script to /home/dinesh/ArduBoat-Ros2/install/BoatController/lib/BoatController
[0.661s] 
[0.661s] Installed /home/dinesh/ArduBoat-Ros2/build/BoatController
[0.661s] running symlink_data
[0.677s] Invoked command in '/home/dinesh/ArduBoat-Ros2/build/BoatController' returned '0': PYTHONPATH=/home/dinesh/ArduBoat-Ros2/build/BoatController/prefix_override:/usr/lib/python3/dist-packages/colcon_core/task/python/colcon_distutils_commands:/home/dinesh/ArduBoat-Ros2/install/BoatController/lib/python3.10/site-packages:${PYTHONPATH} /usr/bin/python3 -W ignore:setup.py install is deprecated setup.py develop --editable --build-directory /home/dinesh/ArduBoat-Ros2/build/BoatController/build --no-deps symlink_data
