[0.548s] Invoking command in '/home/dinesh/ros2_ws/src/BoatController': PYTHONPATH=/home/dinesh/ros2_ws/build/BoatController/prefix_override:/home/dinesh/ros2_ws/install/BoatController/lib/python3.10/site-packages:${PYTHONPATH} /usr/bin/python3 -W ignore:setup.py install is deprecated setup.py egg_info --egg-base ../../build/BoatController build --build-base /home/dinesh/ros2_ws/build/BoatController/build install --record /home/dinesh/ros2_ws/build/BoatController/install.log --single-version-externally-managed install_data
[0.693s] running egg_info
[0.693s] creating ../../build/BoatController/BoatController.egg-info
[0.694s] writing ../../build/BoatController/BoatController.egg-info/PKG-INFO
[0.694s] writing dependency_links to ../../build/BoatController/BoatController.egg-info/dependency_links.txt
[0.694s] writing entry points to ../../build/BoatController/BoatController.egg-info/entry_points.txt
[0.694s] writing requirements to ../../build/BoatController/BoatController.egg-info/requires.txt
[0.694s] writing top-level names to ../../build/BoatController/BoatController.egg-info/top_level.txt
[0.694s] writing manifest file '../../build/BoatController/BoatController.egg-info/SOURCES.txt'
[0.695s] reading manifest file '../../build/BoatController/BoatController.egg-info/SOURCES.txt'
[0.695s] writing manifest file '../../build/BoatController/BoatController.egg-info/SOURCES.txt'
[0.695s] running build
[0.695s] running build_py
[0.695s] creating /home/dinesh/ros2_ws/build/BoatController/build
[0.695s] creating /home/dinesh/ros2_ws/build/BoatController/build/lib
[0.695s] creating /home/dinesh/ros2_ws/build/BoatController/build/lib/BoatController
[0.695s] copying BoatController/__init__.py -> /home/dinesh/ros2_ws/build/BoatController/build/lib/BoatController
[0.696s] running install
[0.696s] running install_lib
[0.696s] creating /home/dinesh/ros2_ws/install/BoatController/lib/python3.10/site-packages/BoatController
[0.696s] copying /home/dinesh/ros2_ws/build/BoatController/build/lib/BoatController/__init__.py -> /home/dinesh/ros2_ws/install/BoatController/lib/python3.10/site-packages/BoatController
[0.696s] byte-compiling /home/dinesh/ros2_ws/install/BoatController/lib/python3.10/site-packages/BoatController/__init__.py to __init__.cpython-310.pyc
[0.696s] running install_data
[0.696s] creating /home/dinesh/ros2_ws/install/BoatController/share/ament_index
[0.697s] creating /home/dinesh/ros2_ws/install/BoatController/share/ament_index/resource_index
[0.697s] creating /home/dinesh/ros2_ws/install/BoatController/share/ament_index/resource_index/packages
[0.697s] copying resource/BoatController -> /home/dinesh/ros2_ws/install/BoatController/share/ament_index/resource_index/packages
[0.697s] copying package.xml -> /home/dinesh/ros2_ws/install/BoatController/share/BoatController
[0.697s] running install_egg_info
[0.698s] Copying ../../build/BoatController/BoatController.egg-info to /home/dinesh/ros2_ws/install/BoatController/lib/python3.10/site-packages/BoatController-0.0.0-py3.10.egg-info
[0.698s] running install_scripts
[0.709s] writing list of installed files to '/home/dinesh/ros2_ws/build/BoatController/install.log'
[0.731s] Invoked command in '/home/dinesh/ros2_ws/src/BoatController' returned '0': PYTHONPATH=/home/dinesh/ros2_ws/build/BoatController/prefix_override:/home/dinesh/ros2_ws/install/BoatController/lib/python3.10/site-packages:${PYTHONPATH} /usr/bin/python3 -W ignore:setup.py install is deprecated setup.py egg_info --egg-base ../../build/BoatController build --build-base /home/dinesh/ros2_ws/build/BoatController/build install --record /home/dinesh/ros2_ws/build/BoatController/install.log --single-version-externally-managed install_data
