[0.642s] Invoking command in '/home/dinesh/ros2_ws/build/BoatController': PYTHONPATH=/home/dinesh/ros2_ws/build/BoatController/prefix_override:/home/dinesh/ros2_ws/install/BoatController/lib/python3.10/site-packages:${PYTHONPATH} /usr/bin/python3 -W ignore:setup.py install is deprecated setup.py develop --editable --build-directory /home/dinesh/ros2_ws/build/BoatController/build --no-deps symlink_data
[0.837s] running develop
[0.845s] /home/dinesh/.local/lib/python3.10/site-packages/setuptools/command/develop.py:40: EasyInstallDeprecationWarning: easy_install command is deprecated.
[0.845s] !!
[0.845s] 
[0.845s]         ********************************************************************************
[0.845s]         Please avoid running ``setup.py`` and ``easy_install``.
[0.845s]         Instead, use pypa/build, pypa/installer or other
[0.845s]         standards-based tools.
[0.845s] 
[0.845s]         See https://github.com/pypa/setuptools/issues/917 for details.
[0.845s]         ********************************************************************************
[0.845s] 
[0.845s] !!
[0.845s]   easy_install.initialize_options(self)
[0.971s] running egg_info
[0.980s] writing BoatController.egg-info/PKG-INFO
[0.980s] writing dependency_links to BoatController.egg-info/dependency_links.txt
[0.980s] writing entry points to BoatController.egg-info/entry_points.txt
[0.980s] writing requirements to BoatController.egg-info/requires.txt
[0.981s] writing top-level names to BoatController.egg-info/top_level.txt
[1.000s] reading manifest file 'BoatController.egg-info/SOURCES.txt'
[1.000s] writing manifest file 'BoatController.egg-info/SOURCES.txt'
[1.010s] running build_ext
[1.010s] Creating /home/dinesh/ros2_ws/install/BoatController/lib/python3.10/site-packages/BoatController.egg-link (link to .)
[1.011s] Installing positionPublisher script to /home/dinesh/ros2_ws/install/BoatController/lib/BoatController
[1.011s] Installing thrustPublisher script to /home/dinesh/ros2_ws/install/BoatController/lib/BoatController
[1.011s] Installing thrustSubscriber script to /home/dinesh/ros2_ws/install/BoatController/lib/BoatController
[1.011s] Installing velocityYawPublisher script to /home/dinesh/ros2_ws/install/BoatController/lib/BoatController
[1.011s] Installing velocityYawSetter script to /home/dinesh/ros2_ws/install/BoatController/lib/BoatController
[1.011s] Installing waypointSubscriber script to /home/dinesh/ros2_ws/install/BoatController/lib/BoatController
[1.011s] 
[1.011s] Installed /home/dinesh/ros2_ws/build/BoatController
[1.011s] running symlink_data
[1.041s] Invoked command in '/home/dinesh/ros2_ws/build/BoatController' returned '0': PYTHONPATH=/home/dinesh/ros2_ws/build/BoatController/prefix_override:/home/dinesh/ros2_ws/install/BoatController/lib/python3.10/site-packages:${PYTHONPATH} /usr/bin/python3 -W ignore:setup.py install is deprecated setup.py develop --editable --build-directory /home/dinesh/ros2_ws/build/BoatController/build --no-deps symlink_data
