[0.392s] Invoking command in '/home/dinesh/ArduBoat-Ros2/build/BoatController': PYTHONPATH=/home/dinesh/ArduBoat-Ros2/build/BoatController/prefix_override:/usr/lib/python3/dist-packages/colcon_core/task/python/colcon_distutils_commands:/home/dinesh/ArduBoat-Ros2/install/BoatController/lib/python3.10/site-packages:${PYTHONPATH} /usr/bin/python3 -W ignore:setup.py install is deprecated setup.py develop --editable --build-directory /home/dinesh/ArduBoat-Ros2/build/BoatController/build --no-deps symlink_data
[0.557s] running develop
[0.655s] running egg_info
[0.655s] creating BoatController.egg-info
[0.655s] writing BoatController.egg-info/PKG-INFO
[0.656s] writing dependency_links to BoatController.egg-info/dependency_links.txt
[0.656s] writing entry points to BoatController.egg-info/entry_points.txt
[0.656s] writing requirements to BoatController.egg-info/requires.txt
[0.656s] writing top-level names to BoatController.egg-info/top_level.txt
[0.656s] writing manifest file 'BoatController.egg-info/SOURCES.txt'
[0.657s] reading manifest file 'BoatController.egg-info/SOURCES.txt'
[0.657s] writing manifest file 'BoatController.egg-info/SOURCES.txt'
[0.658s] running build_ext
[0.658s] Creating /home/dinesh/ArduBoat-Ros2/install/BoatController/lib/python3.10/site-packages/BoatController.egg-link (link to .)
[0.658s] Installing positionSubscriber script to /home/dinesh/ArduBoat-Ros2/install/BoatController/lib/BoatController
[0.658s] Installing position_Publisher script to /home/dinesh/ArduBoat-Ros2/install/BoatController/lib/BoatController
[0.658s] Installing thrustPublisher script to /home/dinesh/ArduBoat-Ros2/install/BoatController/lib/BoatController
[0.658s] Installing thrustSubscriber script to /home/dinesh/ArduBoat-Ros2/install/BoatController/lib/BoatController
[0.659s] Installing velocityYawPublisher script to /home/dinesh/ArduBoat-Ros2/install/BoatController/lib/BoatController
[0.659s] Installing velocityYawSetter script to /home/dinesh/ArduBoat-Ros2/install/BoatController/lib/BoatController
[0.659s] 
[0.659s] Installed /home/dinesh/ArduBoat-Ros2/build/BoatController
[0.659s] running symlink_data
[0.659s] creating /home/dinesh/ArduBoat-Ros2/install/BoatController/share/ament_index
[0.659s] creating /home/dinesh/ArduBoat-Ros2/install/BoatController/share/ament_index/resource_index
[0.659s] creating /home/dinesh/ArduBoat-Ros2/install/BoatController/share/ament_index/resource_index/packages
[0.659s] symbolically linking /home/dinesh/ArduBoat-Ros2/build/BoatController/resource/BoatController -> /home/dinesh/ArduBoat-Ros2/install/BoatController/share/ament_index/resource_index/packages
[0.659s] symbolically linking /home/dinesh/ArduBoat-Ros2/build/BoatController/package.xml -> /home/dinesh/ArduBoat-Ros2/install/BoatController/share/BoatController
[0.675s] Invoked command in '/home/dinesh/ArduBoat-Ros2/build/BoatController' returned '0': PYTHONPATH=/home/dinesh/ArduBoat-Ros2/build/BoatController/prefix_override:/usr/lib/python3/dist-packages/colcon_core/task/python/colcon_distutils_commands:/home/dinesh/ArduBoat-Ros2/install/BoatController/lib/python3.10/site-packages:${PYTHONPATH} /usr/bin/python3 -W ignore:setup.py install is deprecated setup.py develop --editable --build-directory /home/dinesh/ArduBoat-Ros2/build/BoatController/build --no-deps symlink_data
